<?xml version="1.0" encoding="UTF-8"?>
<!-- Generated by org.testng.reporters.JUnitXMLReporter -->
<testsuite hostname="c093" ignored="0" tests="1" failures="1" timestamp="01 Mar 2017 09:07:52 GMT" time="23.016" errors="0">
  <testcase name="Test" time="12.527" classname="ClassTest">
    <failure type="java.lang.AssertionError" message="expected [$ 836.75] but found [$ 726.35]">
      <![CDATA[java.lang.AssertionError: expected [$ 836.75] but found [$ 726.35]
	at ClassTest.Test(ClassTest.java:51)
... Removed 35 stack frames]]>
    </failure>
  </testcase> <!-- Test -->
</testsuite>
