<?xml version="1.0" encoding="UTF-8" standalone="yes"?>
<ns2:test-suite start="1488367224400" stop="1488367247582" version="1.4.23" xmlns:ns2="urn:model.allure.qatools.yandex.ru">
    <name>Default Suite : test-able.blogspot.nl</name>
    <title>Default Suite : test-able.blogspot.nl</title>
    <test-cases>
        <test-case start="1488367234226" stop="1488367246731" status="failed">
            <name>Test</name>
            <description type="text">Open mortgages webpage, set all necessary values, compare actual and expected results</description>
            <failure>
                <message>AssertionError: expected [$ 836.75] but found [$ 272.38]</message>
                <stack-trace>java.lang.AssertionError: expected [$ 836.75] but found [$ 272.38]
	at org.testng.Assert.fail(Assert.java:94)
	at org.testng.Assert.failNotEquals(Assert.java:513)
	at org.testng.Assert.assertEqualsImpl(Assert.java:135)
	at org.testng.Assert.assertEquals(Assert.java:116)
	at org.testng.Assert.assertEquals(Assert.java:190)
	at org.testng.Assert.assertEquals(Assert.java:200)
	at ClassTest.Test(ClassTest.java:51)
	at sun.reflect.NativeMethodAccessorImpl.invoke0(Native Method)
	at sun.reflect.NativeMethodAccessorImpl.invoke(NativeMethodAccessorImpl.java:62)
	at sun.reflect.DelegatingMethodAccessorImpl.invoke(DelegatingMethodAccessorImpl.java:43)
	at java.lang.reflect.Method.invoke(Method.java:498)
	at org.testng.internal.MethodInvocationHelper.invokeMethod(MethodInvocationHelper.java:104)
	at org.testng.internal.Invoker.invokeMethod(Invoker.java:645)
	at org.testng.internal.Invoker.invokeTestMethod(Invoker.java:851)
	at org.testng.internal.Invoker.invokeTestMethods(Invoker.java:1177)
	at org.testng.internal.TestMethodWorker.invokeTestMethods(TestMethodWorker.java:129)
	at org.testng.internal.TestMethodWorker.run(TestMethodWorker.java:112)
	at org.testng.TestRunner.privateRun(TestRunner.java:756)
	at org.testng.TestRunner.run(TestRunner.java:610)
	at org.testng.SuiteRunner.runTest(SuiteRunner.java:387)
	at org.testng.SuiteRunner.runSequentially(SuiteRunner.java:382)
	at org.testng.SuiteRunner.privateRun(SuiteRunner.java:340)
	at org.testng.SuiteRunner.run(SuiteRunner.java:289)
	at org.testng.SuiteRunnerWorker.runSuite(SuiteRunnerWorker.java:52)
	at org.testng.SuiteRunnerWorker.run(SuiteRunnerWorker.java:86)
	at org.testng.TestNG.runSuitesSequentially(TestNG.java:1293)
	at org.testng.TestNG.runSuitesLocally(TestNG.java:1218)
	at org.testng.TestNG.runSuites(TestNG.java:1133)
	at org.testng.TestNG.run(TestNG.java:1104)
	at org.testng.IDEARemoteTestNG.run(IDEARemoteTestNG.java:72)
	at org.testng.RemoteTestNGStarter.main(RemoteTestNGStarter.java:127)
	at sun.reflect.NativeMethodAccessorImpl.invoke0(Native Method)
	at sun.reflect.NativeMethodAccessorImpl.invoke(NativeMethodAccessorImpl.java:62)
	at sun.reflect.DelegatingMethodAccessorImpl.invoke(DelegatingMethodAccessorImpl.java:43)
	at java.lang.reflect.Method.invoke(Method.java:498)
	at com.intellij.rt.execution.application.AppMain.main(AppMain.java:147)
</stack-trace>
            </failure>
            <steps>
                <step start="1488367224595" stop="1488367229081" status="passed">
                    <name>openChromeBrowser</name>
                </step>
                <step start="1488367229083" stop="1488367234182" status="passed">
                    <name>openMainPage</name>
                </step>
                <step start="1488367234228" stop="1488367237271" status="passed">
                    <name>clickOnLoans</name>
                </step>
                <step start="1488367237273" stop="1488367237462" status="passed">
                    <name>clickOnMortgagesLink</name>
                </step>
                <step start="1488367237463" stop="1488367244901" status="passed">
                    <name>clickOnCalculateYourPaymentsButton</name>
                </step>
                <step start="1488367244903" stop="1488367245048" status="passed">
                    <name>moveSlider</name>
                </step>
                <step start="1488367245049" stop="1488367245218" status="passed">
                    <name>clickOnPurchasePricePlusButton</name>
                </step>
                <step start="1488367245220" stop="1488367245380" status="passed">
                    <name>clickOnDownPaymentPlusButton</name>
                </step>
                <step start="1488367245381" stop="1488367245594" status="passed">
                    <name>select15YearsFromAmortizationDropdawnMenu</name>
                </step>
                <step start="1488367245595" stop="1488367245757" status="passed">
                    <name>selectWeeklyFromPaymentFrequencyDropdawnMenu</name>
                </step>
                <step start="1488367245758" stop="1488367245993" status="passed">
                    <name>inputTextIntoInterestRateField</name>
                </step>
                <step start="1488367245994" stop="1488367246166" status="passed">
                    <name>clickOnCalculateButton</name>
                </step>
                <step start="1488367246166" stop="1488367246358" status="passed">
                    <name>getActualWeeklyPayments</name>
                </step>
            </steps>
            <attachments>
                <attachment title="tekeScreenshot" source="3fcf73ab-353f-40f6-85c0-b47314e9e8d4-attachment.png" type="image/png"/>
            </attachments>
            <labels>
                <label name="host" value="c093"/>
                <label name="thread" value="17484@c093.main(1)"/>
            </labels>
        </test-case>
    </test-cases>
    <labels>
        <label name="framework" value="TestNG"/>
        <label name="language" value="JAVA"/>
    </labels>
</ns2:test-suite>
