<?xml version="1.0" encoding="UTF-8" standalone="yes"?>
<ns2:test-suite start="1488359249659" stop="1488359272683" version="1.4.23" xmlns:ns2="urn:model.allure.qatools.yandex.ru">
    <name>Surefire suite : Surefire test</name>
    <title>Surefire suite : Surefire test</title>
    <test-cases>
        <test-case start="1488359259013" stop="1488359271793" status="failed">
            <name>Test</name>
            <description type="text">Open mortgages webpage, set all necessary values, compare actual and expected results</description>
            <failure>
                <message>AssertionError: expected [$ 836.75] but found [$ 726.35]</message>
                <stack-trace>java.lang.AssertionError: expected [$ 836.75] but found [$ 726.35]
	at org.testng.Assert.fail(Assert.java:94)
	at org.testng.Assert.failNotEquals(Assert.java:513)
	at org.testng.Assert.assertEqualsImpl(Assert.java:135)
	at org.testng.Assert.assertEquals(Assert.java:116)
	at org.testng.Assert.assertEquals(Assert.java:190)
	at org.testng.Assert.assertEquals(Assert.java:200)
	at ClassTest.Test(ClassTest.java:51)
	at sun.reflect.NativeMethodAccessorImpl.invoke0(Native Method)
	at sun.reflect.NativeMethodAccessorImpl.invoke(NativeMethodAccessorImpl.java:62)
	at sun.reflect.DelegatingMethodAccessorImpl.invoke(DelegatingMethodAccessorImpl.java:43)
	at java.lang.reflect.Method.invoke(Method.java:498)
	at org.testng.internal.MethodInvocationHelper.invokeMethod(MethodInvocationHelper.java:104)
	at org.testng.internal.Invoker.invokeMethod(Invoker.java:645)
	at org.testng.internal.Invoker.invokeTestMethod(Invoker.java:851)
	at org.testng.internal.Invoker.invokeTestMethods(Invoker.java:1177)
	at org.testng.internal.TestMethodWorker.invokeTestMethods(TestMethodWorker.java:129)
	at org.testng.internal.TestMethodWorker.run(TestMethodWorker.java:112)
	at org.testng.TestRunner.privateRun(TestRunner.java:756)
	at org.testng.TestRunner.run(TestRunner.java:610)
	at org.testng.SuiteRunner.runTest(SuiteRunner.java:387)
	at org.testng.SuiteRunner.runSequentially(SuiteRunner.java:382)
	at org.testng.SuiteRunner.privateRun(SuiteRunner.java:340)
	at org.testng.SuiteRunner.run(SuiteRunner.java:289)
	at org.testng.SuiteRunnerWorker.runSuite(SuiteRunnerWorker.java:52)
	at org.testng.SuiteRunnerWorker.run(SuiteRunnerWorker.java:86)
	at org.testng.TestNG.runSuitesSequentially(TestNG.java:1293)
	at org.testng.TestNG.runSuitesLocally(TestNG.java:1218)
	at org.testng.TestNG.runSuites(TestNG.java:1133)
	at org.testng.TestNG.run(TestNG.java:1104)
	at org.apache.maven.surefire.testng.TestNGExecutor.run(TestNGExecutor.java:132)
	at org.apache.maven.surefire.testng.TestNGDirectoryTestSuite.executeSingleClass(TestNGDirectoryTestSuite.java:112)
	at org.apache.maven.surefire.testng.TestNGDirectoryTestSuite.execute(TestNGDirectoryTestSuite.java:99)
	at org.apache.maven.surefire.testng.TestNGProvider.invoke(TestNGProvider.java:147)
	at org.apache.maven.surefire.booter.ForkedBooter.invokeProviderInSameClassLoader(ForkedBooter.java:290)
	at org.apache.maven.surefire.booter.ForkedBooter.runSuitesInProcess(ForkedBooter.java:242)
	at org.apache.maven.surefire.booter.ForkedBooter.main(ForkedBooter.java:121)
</stack-trace>
            </failure>
            <steps>
                <step start="1488359249825" stop="1488359253876" status="passed">
                    <name>openChromeBrowser</name>
                </step>
                <step start="1488359253879" stop="1488359258897" status="passed">
                    <name>openMainPage</name>
                </step>
                <step start="1488359259014" stop="1488359262411" status="passed">
                    <name>clickOnLoans</name>
                </step>
                <step start="1488359262413" stop="1488359265548" status="passed">
                    <name>clickOnMortgagesLink</name>
                </step>
                <step start="1488359265549" stop="1488359269920" status="passed">
                    <name>clickOnCalculateYourPaymentsButton</name>
                </step>
                <step start="1488359269921" stop="1488359270053" status="passed">
                    <name>moveSlider</name>
                </step>
                <step start="1488359270054" stop="1488359270306" status="passed">
                    <name>clickOnPurchasePricePlusButton</name>
                </step>
                <step start="1488359270307" stop="1488359270458" status="passed">
                    <name>clickOnDownPaymentPlusButton</name>
                </step>
                <step start="1488359270459" stop="1488359270657" status="passed">
                    <name>select15YearsFromAmortizationDropdawnMenu</name>
                </step>
                <step start="1488359270659" stop="1488359270831" status="passed">
                    <name>selectWeeklyFromPaymentFrequencyDropdawnMenu</name>
                </step>
                <step start="1488359270832" stop="1488359271075" status="passed">
                    <name>inputTextIntoInterestRateField</name>
                </step>
                <step start="1488359271076" stop="1488359271256" status="passed">
                    <name>clickOnCalculateButton</name>
                </step>
                <step start="1488359271257" stop="1488359271437" status="passed">
                    <name>getActualWeeklyPayments</name>
                </step>
            </steps>
            <attachments>
                <attachment title="tekeScreenshot" source="79779e4f-ee88-4ccb-bbcf-c85336b0093c-attachment.png" type="image/png"/>
            </attachments>
            <labels>
                <label name="host" value="c093"/>
                <label name="thread" value="22668@c093.main(1)"/>
            </labels>
        </test-case>
    </test-cases>
    <labels>
        <label name="framework" value="TestNG"/>
        <label name="language" value="JAVA"/>
    </labels>
</ns2:test-suite>
