<?xml version="1.0" encoding="UTF-8" standalone="yes"?>
<ns2:test-suite start="1487771757218" stop="1487771786821" version="1.4.23" xmlns:ns2="urn:model.allure.qatools.yandex.ru">
    <name>Surefire suite : Surefire test</name>
    <title>Surefire suite : Surefire test</title>
    <test-cases>
        <test-case start="1487771767512" stop="1487771785857" status="failed">
            <name>Test</name>
            <failure>
                <message>AssertionError: expected [$ 836.75] but found [$ 726.35]</message>
                <stack-trace>java.lang.AssertionError: expected [$ 836.75] but found [$ 726.35]
	at org.testng.Assert.fail(Assert.java:94)
	at org.testng.Assert.failNotEquals(Assert.java:513)
	at org.testng.Assert.assertEqualsImpl(Assert.java:135)
	at org.testng.Assert.assertEquals(Assert.java:116)
	at org.testng.Assert.assertEquals(Assert.java:190)
	at org.testng.Assert.assertEquals(Assert.java:200)
	at TestClass.Test(TestClass.java:47)
	at sun.reflect.NativeMethodAccessorImpl.invoke0(Native Method)
	at sun.reflect.NativeMethodAccessorImpl.invoke(NativeMethodAccessorImpl.java:62)
	at sun.reflect.DelegatingMethodAccessorImpl.invoke(DelegatingMethodAccessorImpl.java:43)
	at java.lang.reflect.Method.invoke(Method.java:498)
	at org.testng.internal.MethodInvocationHelper.invokeMethod(MethodInvocationHelper.java:104)
	at org.testng.internal.Invoker.invokeMethod(Invoker.java:645)
	at org.testng.internal.Invoker.invokeTestMethod(Invoker.java:851)
	at org.testng.internal.Invoker.invokeTestMethods(Invoker.java:1177)
	at org.testng.internal.TestMethodWorker.invokeTestMethods(TestMethodWorker.java:129)
	at org.testng.internal.TestMethodWorker.run(TestMethodWorker.java:112)
	at org.testng.TestRunner.privateRun(TestRunner.java:756)
	at org.testng.TestRunner.run(TestRunner.java:610)
	at org.testng.SuiteRunner.runTest(SuiteRunner.java:387)
	at org.testng.SuiteRunner.runSequentially(SuiteRunner.java:382)
	at org.testng.SuiteRunner.privateRun(SuiteRunner.java:340)
	at org.testng.SuiteRunner.run(SuiteRunner.java:289)
	at org.testng.SuiteRunnerWorker.runSuite(SuiteRunnerWorker.java:52)
	at org.testng.SuiteRunnerWorker.run(SuiteRunnerWorker.java:86)
	at org.testng.TestNG.runSuitesSequentially(TestNG.java:1293)
	at org.testng.TestNG.runSuitesLocally(TestNG.java:1218)
	at org.testng.TestNG.runSuites(TestNG.java:1133)
	at org.testng.TestNG.run(TestNG.java:1104)
	at org.apache.maven.surefire.testng.TestNGExecutor.run(TestNGExecutor.java:132)
	at org.apache.maven.surefire.testng.TestNGDirectoryTestSuite.executeSingleClass(TestNGDirectoryTestSuite.java:112)
	at org.apache.maven.surefire.testng.TestNGDirectoryTestSuite.execute(TestNGDirectoryTestSuite.java:99)
	at org.apache.maven.surefire.testng.TestNGProvider.invoke(TestNGProvider.java:147)
	at org.apache.maven.surefire.booter.ForkedBooter.invokeProviderInSameClassLoader(ForkedBooter.java:290)
	at org.apache.maven.surefire.booter.ForkedBooter.runSuitesInProcess(ForkedBooter.java:242)
	at org.apache.maven.surefire.booter.ForkedBooter.main(ForkedBooter.java:121)
</stack-trace>
            </failure>
            <steps>
                <step start="1487771767605" stop="1487771772502" status="passed">
                    <name>clickOnLoans</name>
                </step>
                <step start="1487771772505" stop="1487771776785" status="passed">
                    <name>clickOnMortgagesLink</name>
                </step>
                <step start="1487771776790" stop="1487771784132" status="passed">
                    <name>clickOnCalculateYourPaymentsButton</name>
                </step>
                <step start="1487771784136" stop="1487771784282" status="passed">
                    <name>moveSlider</name>
                </step>
                <step start="1487771784283" stop="1487771784546" status="passed">
                    <name>clickOnPurchasePricePlusButton</name>
                </step>
                <step start="1487771784548" stop="1487771784727" status="passed">
                    <name>clickOnDownPaymentPlusButton</name>
                </step>
                <step start="1487771784729" stop="1487771784938" status="passed">
                    <name>select15YearsFromAmortizationDropdawnMenu</name>
                </step>
                <step start="1487771784939" stop="1487771785117" status="passed">
                    <name>selectWeeklyFromPaymentFrequencyDropdawnMenu</name>
                </step>
                <step start="1487771785119" stop="1487771785420" status="passed">
                    <name>inputTextIntoInterestRateField</name>
                </step>
                <step start="1487771785422" stop="1487771785674" status="passed">
                    <name>clickOnCalculateButton</name>
                </step>
                <step start="1487771785675" stop="1487771785835" status="passed">
                    <name>getActualWeeklyPayments</name>
                </step>
            </steps>
            <attachments/>
            <labels>
                <label name="host" value="c093"/>
                <label name="thread" value="3388@c093.main(1)"/>
            </labels>
        </test-case>
    </test-cases>
    <labels>
        <label name="framework" value="TestNG"/>
        <label name="language" value="JAVA"/>
    </labels>
</ns2:test-suite>
