{
  "uid" : "d4b08f7586182982",
  "name" : "Test",
  "title" : "Test",
  "time" : {
    "start" : 1487771767512,
    "stop" : 1487771785857,
    "duration" : 18345
  },
  "summary" : {
    "attachments" : 0,
    "steps" : 11
  },
  "failure" : {
    "message" : "AssertionError: expected [$ 836.75] but found [$ 726.35]",
    "stackTrace" : "java.lang.AssertionError: expected [$ 836.75] but found [$ 726.35]\n\tat org.testng.Assert.fail(Assert.java:94)\n\tat org.testng.Assert.failNotEquals(Assert.java:513)\n\tat org.testng.Assert.assertEqualsImpl(Assert.java:135)\n\tat org.testng.Assert.assertEquals(Assert.java:116)\n\tat org.testng.Assert.assertEquals(Assert.java:190)\n\tat org.testng.Assert.assertEquals(Assert.java:200)\n\tat TestClass.Test(TestClass.java:47)\n\tat sun.reflect.NativeMethodAccessorImpl.invoke0(Native Method)\n\tat sun.reflect.NativeMethodAccessorImpl.invoke(NativeMethodAccessorImpl.java:62)\n\tat sun.reflect.DelegatingMethodAccessorImpl.invoke(DelegatingMethodAccessorImpl.java:43)\n\tat java.lang.reflect.Method.invoke(Method.java:498)\n\tat org.testng.internal.MethodInvocationHelper.invokeMethod(MethodInvocationHelper.java:104)\n\tat org.testng.internal.Invoker.invokeMethod(Invoker.java:645)\n\tat org.testng.internal.Invoker.invokeTestMethod(Invoker.java:851)\n\tat org.testng.internal.Invoker.invokeTestMethods(Invoker.java:1177)\n\tat org.testng.internal.TestMethodWorker.invokeTestMethods(TestMethodWorker.java:129)\n\tat org.testng.internal.TestMethodWorker.run(TestMethodWorker.java:112)\n\tat org.testng.TestRunner.privateRun(TestRunner.java:756)\n\tat org.testng.TestRunner.run(TestRunner.java:610)\n\tat org.testng.SuiteRunner.runTest(SuiteRunner.java:387)\n\tat org.testng.SuiteRunner.runSequentially(SuiteRunner.java:382)\n\tat org.testng.SuiteRunner.privateRun(SuiteRunner.java:340)\n\tat org.testng.SuiteRunner.run(SuiteRunner.java:289)\n\tat org.testng.SuiteRunnerWorker.runSuite(SuiteRunnerWorker.java:52)\n\tat org.testng.SuiteRunnerWorker.run(SuiteRunnerWorker.java:86)\n\tat org.testng.TestNG.runSuitesSequentially(TestNG.java:1293)\n\tat org.testng.TestNG.runSuitesLocally(TestNG.java:1218)\n\tat org.testng.TestNG.runSuites(TestNG.java:1133)\n\tat org.testng.TestNG.run(TestNG.java:1104)\n\tat org.apache.maven.surefire.testng.TestNGExecutor.run(TestNGExecutor.java:132)\n\tat org.apache.maven.surefire.testng.TestNGDirectoryTestSuite.executeSingleClass(TestNGDirectoryTestSuite.java:112)\n\tat org.apache.maven.surefire.testng.TestNGDirectoryTestSuite.execute(TestNGDirectoryTestSuite.java:99)\n\tat org.apache.maven.surefire.testng.TestNGProvider.invoke(TestNGProvider.java:147)\n\tat org.apache.maven.surefire.booter.ForkedBooter.invokeProviderInSameClassLoader(ForkedBooter.java:290)\n\tat org.apache.maven.surefire.booter.ForkedBooter.runSuitesInProcess(ForkedBooter.java:242)\n\tat org.apache.maven.surefire.booter.ForkedBooter.main(ForkedBooter.java:121)\n"
  },
  "description" : null,
  "severity" : "NORMAL",
  "status" : "FAILED",
  "testId" : null,
  "suite" : {
    "uid" : "78aa1872c30a59e4",
    "name" : "Surefire suite : Surefire test",
    "title" : "Surefire suite : Surefire test"
  },
  "steps" : [ {
    "name" : "clickOnLoans",
    "title" : "Click on loans",
    "time" : {
      "start" : 1487771767605,
      "stop" : 1487771772502,
      "duration" : 4897
    },
    "summary" : {
      "attachments" : 0,
      "steps" : 0
    },
    "status" : "PASSED",
    "attachments" : [ ],
    "steps" : [ ]
  }, {
    "name" : "clickOnMortgagesLink",
    "title" : "Click on mortgages link",
    "time" : {
      "start" : 1487771772505,
      "stop" : 1487771776785,
      "duration" : 4280
    },
    "summary" : {
      "attachments" : 0,
      "steps" : 0
    },
    "status" : "PASSED",
    "attachments" : [ ],
    "steps" : [ ]
  }, {
    "name" : "clickOnCalculateYourPaymentsButton",
    "title" : "Click on calculate your payments button",
    "time" : {
      "start" : 1487771776790,
      "stop" : 1487771784132,
      "duration" : 7342
    },
    "summary" : {
      "attachments" : 0,
      "steps" : 0
    },
    "status" : "PASSED",
    "attachments" : [ ],
    "steps" : [ ]
  }, {
    "name" : "moveSlider",
    "title" : "Move slider",
    "time" : {
      "start" : 1487771784136,
      "stop" : 1487771784282,
      "duration" : 146
    },
    "summary" : {
      "attachments" : 0,
      "steps" : 0
    },
    "status" : "PASSED",
    "attachments" : [ ],
    "steps" : [ ]
  }, {
    "name" : "clickOnPurchasePricePlusButton",
    "title" : "Click on purchase price plus button",
    "time" : {
      "start" : 1487771784283,
      "stop" : 1487771784546,
      "duration" : 263
    },
    "summary" : {
      "attachments" : 0,
      "steps" : 0
    },
    "status" : "PASSED",
    "attachments" : [ ],
    "steps" : [ ]
  }, {
    "name" : "clickOnDownPaymentPlusButton",
    "title" : "Click on down payment plus button",
    "time" : {
      "start" : 1487771784548,
      "stop" : 1487771784727,
      "duration" : 179
    },
    "summary" : {
      "attachments" : 0,
      "steps" : 0
    },
    "status" : "PASSED",
    "attachments" : [ ],
    "steps" : [ ]
  }, {
    "name" : "select15YearsFromAmortizationDropdawnMenu",
    "title" : "Select 15 years from amortization dropdawn menu",
    "time" : {
      "start" : 1487771784729,
      "stop" : 1487771784938,
      "duration" : 209
    },
    "summary" : {
      "attachments" : 0,
      "steps" : 0
    },
    "status" : "PASSED",
    "attachments" : [ ],
    "steps" : [ ]
  }, {
    "name" : "selectWeeklyFromPaymentFrequencyDropdawnMenu",
    "title" : "Select weekly from payment frequency dropdawn menu",
    "time" : {
      "start" : 1487771784939,
      "stop" : 1487771785117,
      "duration" : 178
    },
    "summary" : {
      "attachments" : 0,
      "steps" : 0
    },
    "status" : "PASSED",
    "attachments" : [ ],
    "steps" : [ ]
  }, {
    "name" : "inputTextIntoInterestRateField",
    "title" : "Input text into interest rate field",
    "time" : {
      "start" : 1487771785119,
      "stop" : 1487771785420,
      "duration" : 301
    },
    "summary" : {
      "attachments" : 0,
      "steps" : 0
    },
    "status" : "PASSED",
    "attachments" : [ ],
    "steps" : [ ]
  }, {
    "name" : "clickOnCalculateButton",
    "title" : "Click on calculate button",
    "time" : {
      "start" : 1487771785422,
      "stop" : 1487771785674,
      "duration" : 252
    },
    "summary" : {
      "attachments" : 0,
      "steps" : 0
    },
    "status" : "PASSED",
    "attachments" : [ ],
    "steps" : [ ]
  }, {
    "name" : "getActualWeeklyPayments",
    "title" : "Get actual weekly payments",
    "time" : {
      "start" : 1487771785675,
      "stop" : 1487771785835,
      "duration" : 160
    },
    "summary" : {
      "attachments" : 0,
      "steps" : 0
    },
    "status" : "PASSED",
    "attachments" : [ ],
    "steps" : [ ]
  } ],
  "attachments" : [ ],
  "issues" : [ ],
  "labels" : [ {
    "name" : "suite-name",
    "value" : "Surefire suite : Surefire test"
  }, {
    "name" : "language",
    "value" : "JAVA"
  }, {
    "name" : "host",
    "value" : "c093"
  }, {
    "name" : "framework",
    "value" : "TestNG"
  }, {
    "name" : "thread",
    "value" : "3388@c093.main(1)"
  }, {
    "name" : "suite-title",
    "value" : "Surefire suite : Surefire test"
  } ],
  "parameters" : [ ]
}